Build started 7/24/2012 5:07:44 PM.
     1>Project "C:\Users\Student\Desktop\Ansel Bridgewater\Selection Sort\Selection Sort\Selection Sort.vcxproj" on node 2 (build target(s)).
     1>PrepareForBuild:
         Creating directory "C:\Users\Student\Desktop\Ansel Bridgewater\Selection Sort\Debug\".
       InitializeBuildStatus:
         Creating "Debug\Selection Sort.unsuccessfulbuild" because "AlwaysCreate" was specified.
       ClCompile:
         c:\Program Files (x86)\Microsoft Visual Studio 10.0\VC\bin\CL.exe /c /ZI /nologo /W3 /WX- /Od /Oy- /D _MBCS /Gm /EHsc /RTC1 /MDd /GS /fp:precise /Zc:wchar_t /Zc:forScope /Fo"Debug\\" /Fd"Debug\vc100.pdb" /Gd /TP /analyze- /errorReport:prompt SelectionSort.cpp
         SelectionSort.cpp
       Link:
         c:\Program Files (x86)\Microsoft Visual Studio 10.0\VC\bin\link.exe /ERRORREPORT:PROMPT /OUT:"C:\Users\Student\Desktop\Ansel Bridgewater\Selection Sort\Debug\Selection Sort.exe" /NOLOGO kernel32.lib user32.lib gdi32.lib winspool.lib comdlg32.lib advapi32.lib shell32.lib ole32.lib oleaut32.lib uuid.lib odbc32.lib odbccp32.lib /MANIFEST /ManifestFile:"Debug\Selection Sort.exe.intermediate.manifest" /MANIFESTUAC:"level='asInvoker' uiAccess='false'" /DEBUG /PDB:"C:\Users\Student\Desktop\Ansel Bridgewater\Selection Sort\Debug\Selection Sort.pdb" /TLBID:1 /DYNAMICBASE /NXCOMPAT /IMPLIB:"C:\Users\Student\Desktop\Ansel Bridgewater\Selection Sort\Debug\Selection Sort.lib" /MACHINE:X86 Debug\SelectionSort.obj
         Selection Sort.vcxproj -> C:\Users\Student\Desktop\Ansel Bridgewater\Selection Sort\Debug\Selection Sort.exe
       Manifest:
         C:\Program Files (x86)\Microsoft SDKs\Windows\v7.0A\bin\mt.exe /nologo /verbose /outputresource:"C:\Users\Student\Desktop\Ansel Bridgewater\Selection Sort\Debug\Selection Sort.exe;#1" /manifest "Debug\Selection Sort.exe.intermediate.manifest"
       FinalizeBuildStatus:
         Deleting file "Debug\Selection Sort.unsuccessfulbuild".
         Touching "Debug\Selection Sort.lastbuildstate".
     1>Done Building Project "C:\Users\Student\Desktop\Ansel Bridgewater\Selection Sort\Selection Sort\Selection Sort.vcxproj" (build target(s)).

Build succeeded.

Time Elapsed 00:00:01.02
