Build started 7/23/2012 10:47:57 AM.
     1>Project "C:\Users\Student\Desktop\Ansel Bridgewater\TriArea\TriArea\TriArea.vcxproj" on node 2 (build target(s)).
     1>InitializeBuildStatus:
         Creating "Debug\TriArea.unsuccessfulbuild" because "AlwaysCreate" was specified.
       ClCompile:
         c:\Program Files (x86)\Microsoft Visual Studio 10.0\VC\bin\CL.exe /c /ZI /nologo /W3 /WX- /Od /Oy- /D _MBCS /Gm /EHsc /RTC1 /MDd /GS /fp:precise /Zc:wchar_t /Zc:forScope /Fo"Debug\\" /Fd"Debug\vc100.pdb" /Gd /TP /analyze- /errorReport:prompt TriArea.cpp
         TriArea.cpp
     1>c:\users\student\desktop\ansel bridgewater\triarea\triarea\triarea.cpp(22): warning C4244: 'initializing' : conversion from 'double' to 'float', possible loss of data
       Link:
         c:\Program Files (x86)\Microsoft Visual Studio 10.0\VC\bin\link.exe /ERRORREPORT:PROMPT /OUT:"C:\Users\Student\Desktop\Ansel Bridgewater\TriArea\Debug\TriArea.exe" /NOLOGO kernel32.lib user32.lib gdi32.lib winspool.lib comdlg32.lib advapi32.lib shell32.lib ole32.lib oleaut32.lib uuid.lib odbc32.lib odbccp32.lib /MANIFEST /ManifestFile:"Debug\TriArea.exe.intermediate.manifest" /MANIFESTUAC:"level='asInvoker' uiAccess='false'" /DEBUG /PDB:"C:\Users\Student\Desktop\Ansel Bridgewater\TriArea\Debug\TriArea.pdb" /TLBID:1 /DYNAMICBASE /NXCOMPAT /IMPLIB:"C:\Users\Student\Desktop\Ansel Bridgewater\TriArea\Debug\TriArea.lib" /MACHINE:X86 Debug\TriArea.obj
         LINK : C:\Users\Student\Desktop\Ansel Bridgewater\TriArea\Debug\TriArea.exe not found or not built by the last incremental link; performing full link
         TriArea.vcxproj -> C:\Users\Student\Desktop\Ansel Bridgewater\TriArea\Debug\TriArea.exe
       Manifest:
         C:\Program Files (x86)\Microsoft SDKs\Windows\v7.0A\bin\mt.exe /nologo /verbose /outputresource:"C:\Users\Student\Desktop\Ansel Bridgewater\TriArea\Debug\TriArea.exe;#1" /manifest Debug\TriArea.exe.intermediate.manifest
       FinalizeBuildStatus:
         Deleting file "Debug\TriArea.unsuccessfulbuild".
         Touching "Debug\TriArea.lastbuildstate".
     1>Done Building Project "C:\Users\Student\Desktop\Ansel Bridgewater\TriArea\TriArea\TriArea.vcxproj" (build target(s)).

Build succeeded.

Time Elapsed 00:00:00.69
